Testing pack: attributes-order
EO source:
# Calculate bitwise left shift.
^.right x.neg > [x y] > left

XSL transformations: [ 'objects', 'package', 'attrs', 'data', 'to-js' ]

Tests: [
  {
    "args": [
      [
        "  obj.attrs['x'] = attr.void('x')",
        "  obj.attrs['y'] = attr.void('y')",
        "  obj.attrs['Ï†'] = attr.once("
      ]
    ],
    "method": "includes",
    "node": ".program.objects.object{.\"@_name\" == 'left'}.javascript"
  }
]
Running: /tmp/gh-issue-solver-1766085739012/eo2js/test/mvnw/mvnw org.eolang:eo-maven-plugin:register org.eolang:eo-maven-plugin:parse org.eolang:eo-maven-plugin:lint -Deo.version=0.59.0 -Deo.tag=0.59.0 -Deo.sourcesDir=/tmp/gh-issue-solver-1766085739012/experiments/test-pack-run/attributes-order/src -Deo.targetDir=/tmp/gh-issue-solver-1766085739012/experiments/test-pack-run/attributes-order/target -Deo.failOnWarning=false --batch-mode --color=never --update-snapshots --fail-fast --strict-checksums
[33m 0ms; 0 files generated so far...[39m[0K[1GWarning: JAVA_HOME environment variable is not set.
[INFO] Scanning for projects...
[33m 2s; 0 files generated so far...[39m[0K[1G[INFO] 
[INFO] -----------------------< com.maxonfjvipon:eo2js >-----------------------
[INFO] Building eo2js 0.0.0
[INFO]   from pom.xml
[INFO] --------------------------------[ jar ]---------------------------------
[INFO] 
[INFO] --- eo:0.59.0:register (default-cli) @ eo2js ---
[INFO] Registered 1 EO sources from /tmp/gh-issue-solver-1766085739012/experiments/test-pack-run/attributes-order/src to /tmp/gh-issue-solver-1766085739012/experiments/test-pack-run/attributes-order/target/eo-foreign.json, included [**.eo], excluded []
[INFO] 
[INFO] --- eo:0.59.0:parse (default-cli) @ eo2js ---
[33m 3s; 1 files generated so far...[39m[0K[1G[33m 4s; 1 files generated so far...[39m[0K[1G[ERROR] Failed to parse '/tmp/gh-issue-solver-1766085739012/experiments/test-pack-run/attributes-order/src/test.eo:0': For some reason, the identifier of the tojo, which essentially is a name of the source file ('test'), does not match the name of the object discovered in the XMIR after parsing ('left'); the XMIR is saved to the /tmp/gh-issue-solver-1766085739012/experiments/test-pack-run/attributes-order/target/broken-a0ce4164533a.xmir file, for debugging purposes
[INFO] Parsed 1 new .eo sources out of 1 to XMIRs in 2s
[INFO] 
[INFO] --- eo:0.59.0:lint (default-cli) @ eo2js ---
[33m 5s; 3 files generated so far...[39m[0K[1G[33m 6s; 3 files generated so far...[39m[0K[1G[ERROR] test:0 For some reason, the identifier of the tojo, which essentially is a name of the source file ('test'), does not match the name of the object discovered in the XMIR after parsing ('left'); the XMIR is saved to the /tmp/gh-issue-solver-1766085739012/experiments/test-pack-run/attributes-order/target/broken-a0ce4164533a.xmir file, for debugging purposes (validate-object-name)
[WARNING] left:0 Tests not found for "left" (unit-test-missing (Single))
[WARNING] left:0 The +spdx meta is mandatory, but is absent (mandatory-spdx (Single))
[WARNING] left:2 The comment for the object is too short (shorter than 32 characters) (comment-too-short (Single))
[WARNING] left:0 The +version meta is mandatory, but is absent (mandatory-version (Single))
[WARNING] left:0 The +home meta is mandatory, but is absent (must contain URL of repository where object sources may be found) (mandatory-home (Single))
[WARNING] left:2 The void attribute "y" is not used in the object "left" (unused-void-attr (Single))
[WARNING] left:0 The +package meta is mandatory, but is absent (mandatory-package (Single))
[INFO] XMIR programs linted as a package: 1
[INFO] Linted 1 out of 1 XMIR program(s) that needed this (out of 1 total programs) in 2s: 1 critical error and 7 warnings
[INFO] Read more about lints: https://www.objectionary.com/lints/0.0.60
[ERROR] In 1 XMIR files, we found 1 critical error and 7 warnings (must stop here)
[INFO] ------------------------------------------------------------------------
[INFO] BUILD FAILURE
[INFO] ------------------------------------------------------------------------
[INFO] Total time:  4.506 s
[INFO] Finished at: 2025-12-18T20:29:12+01:00
[INFO] ------------------------------------------------------------------------
[ERROR] Failed to execute goal org.eolang:eo-maven-plugin:0.59.0:lint (default-cli) on project eo2js: 'MjLint' execution failed: java.lang.IllegalStateException: In 1 XMIR files, we found 1 critical error and 7 warnings (must stop here) -> [Help 1]
[ERROR] 
[ERROR] To see the full stack trace of the errors, re-run Maven with the -e switch.
[ERROR] Re-run Maven using the -X switch to enable full debug logging.
[ERROR] 
[ERROR] For more information about the errors and possible solutions, please read the following articles:
[ERROR] [Help 1] http://cwiki.apache.org/confluence/display/MAVEN/MojoFailureException
The command "/tmp/gh-issue-solver-1766085739012/eo2js/test/mvnw/mvnw org.eolang:eo-maven-plugin:register org.eolang:eo-maven-plugin:parse org.eolang:eo-maven-plugin:lint -Deo.version=0.59.0 -Deo.tag=0.59.0 -Deo.sourcesDir=/tmp/gh-issue-solver-1766085739012/experiments/test-pack-run/attributes-order/src -Deo.targetDir=/tmp/gh-issue-solver-1766085739012/experiments/test-pack-run/attributes-order/target -Deo.failOnWarning=false --batch-mode --color=never --update-snapshots --fail-fast --strict-checksums" exited with #1 code
